Frontend-Node:  ======================
                Mesher selection: FPBA
                ======================

>>>>>>>>>>>>>>>>>>>>>>>>>>>>>>>>
Thu Thu Jul 24 00:09:22 2025
started: parallelization control
>>>>>>>>>>>>>>>>>>>>>>>>>>>>>>>>

=================================================================================
 - hardware info
   + cpu name                    : Intel(R) Core(TM) i5-10300H CPU @ 2.50GHz
   + sockets                     : 1
   + cores per socket            : 4
   + hyperthreading              : on
   + ht-units                    : 2
   + max cpuid level             : 22
   + max cpuid ext. level        : 8
   + numa nodes                  : 1
   + internal cpu info           : CPUID: selected engine is 'Leaf 0xB detection'
apic ids           : 0, 1, 2, 3, 4, 5, 6, 7
apic ids (fallback): 0, 1, 2, 3, 4, 5, 6, 7
from cpu registers: 0, 1, 2, 3, 4, 5, 6, 7
fallback: 0, 1, 2, 3, 4, 5, 6, 7
combined: 0, 1, 2, 3, 4, 5, 6, 7
max id per cpu: 16
SMT mask: 1
Core mask: e
Package mask: fffffff0
set results:
  - packages: 1
  - cores: 4
  - smts: 2
generate core map, new implementation
0, 1, 2, 3, 4, 5, 6, 7
packages: 1
cores   : 4
ht units: 2
 - pinning rule in use   : PINNING_RULE_MCALC_SKIP_ALL
 - desired group         : 0
 - num cores available   : 8
 - active core list from affinity: 
   + num accessible procs          : 8
   + num logical procs             : 8
   + current affinity (env)        : 0,1,2,3,4,5,6,7
   + sockets ids in                : 0
   + core list                  (1): 0,2,4,6
 - active cores          : 0,2,4,6
 - hyperthreading        : on
 - allowed core ids      : 0,2,4,6
 - allowed core ids (aff): 1010 1010 
 - used mask (string)    : 1010 1010 
=================================================================================

=========================================================================
Version: 2024.4 Release from 2024-04-30 (change 1266454) [Release]
Workflow: QQ-Facets
Operation: [acis, fpba, bg]
Architecture: Windows, ID: AMD64
System Windows-64bit
Using processor group 0/1
Matrix calculation information:
# of Nodes: 0
Concurrency: 0
Start ID: 0
Node ID: 0
HEX Mesh information:
Hex mesh: global: [hxr o(0 | 0 | 0) s(48 | 13 | 41) np (no TSTs): 25584] 
=========================================================================

>>>>>>>>>>>>>>>>>>>>>>>>>>>>>
Thu Thu Jul 24 00:09:22 2025
started: processing CAD model
>>>>>>>>>>>>>>>>>>>>>>>>>>>>>

========================================================================
Processing CAD model (for field results)
	[Improved internal geometry representation]
	[Accuracy improvement for long shapes in inhomogeneous mesh regions]
Version: 2024.4 Release from 2024-04-30 (change 1266454)
PBA version 2024043024
Sub-Workflow: Facets-QQ-GEX
Workflow updated: -
Thu Thu Jul 24 00:09:22 2025
========================================================================

===========================================
Finished CAD processing (for field results)
===========================================

<<<<<<<<<<<<<<<<<<<<<<<<<<<<<<<<<<<<<<<<<<
Thu Thu Jul 24 00:09:22 2025
Resource usage for processing CAD model:
	Runtime                 00:00:00.00121
	Peak Memory Usage:               19 MB
<<<<<<<<<<<<<<<<<<<<<<<<<<<<<<<<<<<<<<<<<<

>>>>>>>>>>>>>>>>>>>>>>>>>>>>>
Thu Thu Jul 24 00:09:22 2025
started: processing CAD model
>>>>>>>>>>>>>>>>>>>>>>>>>>>>>

>2025-06-24 00:09:23.00020< matrixcalc_AMD64 @ LAPTOP-ILTBOQEH:  !!!!!!!!!!!!!!!!!!!!!!!!!!!!!!!!!!!!!!!!!!!!!!
                                                                 current system memory usage reached 85% (7 GB)
                                                                 !!!!!!!!!!!!!!!!!!!!!!!!!!!!!!!!!!!!!!!!!!!!!!

========================================================================
Processing CAD model
	[Improved internal geometry representation]
	[Accuracy improvement for long shapes in inhomogeneous mesh regions]
Version: 2024.4 Release from 2024-04-30 (change 1266454)
PBA version 2024043024
Sub-Workflow: Facets-QQ-GEX
Workflow updated: -
Thu Thu Jul 24 00:09:23 2025
========================================================================

----------------------------------------------
Used point accuracy enhancement value: 75.00%.
----------------------------------------------

=============================================================================
Mesh statistics:
-----------------------------------------------------------------------------
Minimum edge length (x): 2 @ mesh line 23 (x)
Maximum edge length (x): 41.6 @ mesh line 46 (x)
Minimum face area (x): 494 @ mesh lines 5 | 12 (y | z)
Maximum face area (x): 2.01e+03 @ mesh lines 0 | 0 (y | z)
Minimum edge length (y): 23.8 @ mesh line 5 (y)
Maximum edge length (y): 44.8 @ mesh line 0 (y)
Minimum face area (y): 41.6 @ mesh lines 12 | 23 (z | x)
Maximum face area (y): 1.86e+03 @ mesh lines 0 | 46 (z | x)
Minimum edge length (z): 20.8 @ mesh line 12 (z)
Maximum edge length (z): 44.8 @ mesh line 0 (z)
Minimum face area (z): 47.5 @ mesh lines 23 | 5 (x | y)
Maximum face area (z): 1.86e+03 @ mesh lines 46 | 0 (x | y)
Maximum mesh face aspect ratio (x): 2.16 : 1.0  @ mesh lines 0 | 12 (y | z)
Maximum mesh face aspect ratio (y): 22.4 : 1.0  @ mesh lines 0 | 23 (z | x)
Maximum mesh face aspect ratio (z): 22.4 : 1.0  @ mesh lines 23 | 0 (x | y)
=============================================================================

=============================================================================
Available resources to store TST cells: 2147458063 (8393754.15% of mesh size)
=============================================================================

------------------------------------------------------------------------------------------------
Geometry processing log
	PEC background is represented by CAD geometry: false
	Background shape: added
	Multithread portion: 100.00
	Number of CAD shapes: 7
	Number of lumps: 1
------------------------------------------------------------------------------------------------
=========================================
== CST Matrix Calculation Priority Log ==
=========================================
Priorities are sorted in ascending order beginning with the lowest priority
 
Group | Shape-ID | ShapeName | Material | User-priority | 2D/3D-Geometry | Material-attributes | Shape-attributes | Feature-ID | Schemetype
1 | 11 | </cst/Boundaries/> Low^X | $NFSMaterial$ | n/a | no | normal.vacuum. | boundary. | n/a | FIT_TD
1 | 12 | </cst/Boundaries/> Low^Y | $NFSMaterial$ | n/a | no | normal.vacuum. | boundary. | n/a | FIT_TD
1 | 13 | </cst/Boundaries/> Low^Z | $NFSMaterial$ | n/a | no | normal.vacuum. | boundary. | n/a | FIT_TD
1 | 14 | </cst/Boundaries/> Up^X | $NFSMaterial$ | n/a | no | normal.vacuum. | boundary. | n/a | FIT_TD
1 | 15 | </cst/Boundaries/> Up^Y | $NFSMaterial$ | n/a | no | normal.vacuum. | boundary. | n/a | FIT_TD
1 | 16 | </cst/Boundaries/> Up^Z | $NFSMaterial$ | n/a | no | normal.vacuum. | boundary. | n/a | FIT_TD
2 | 9 | </cst/Ports/> 1^t0 | Copper (pure) | n/a | no | pec.rho.surface-impedance. | edge-element.wire. | n/a | FIT_TD
2 | 10 | </cst/Ports/> 1^t1 | Copper (pure) | n/a | no | pec.rho.surface-impedance. | edge-element.wire. | n/a | FIT_TD
3 | 1 | component1:Dipolo | Copper (pure) | n/a | yes | pec.rho.surface-impedance. | solid. | n/a | FIT_TD
3 | 2 | component1:Dipolo3 | Copper (pure) | n/a | yes | pec.rho.surface-impedance. | solid. | n/a | FIT_TD
3 | 8 | component1:Dipolo (Lump 2) | Copper (pure) | n/a | yes | pec.rho.surface-impedance. | solid. | n/a | FIT_TD
3 | 3 | component1:Director1 | Copper (pure) | n/a | yes | pec.rho.surface-impedance. | solid. | n/a | FIT_TD
3 | 4 | component1:Director2 | Copper (pure) | n/a | yes | pec.rho.surface-impedance. | solid. | n/a | FIT_TD
3 | 5 | component1:Director4 | Copper (pure) | n/a | yes | pec.rho.surface-impedance. | solid. | n/a | FIT_TD
3 | 6 | component1:Director5 | Copper (pure) | n/a | yes | pec.rho.surface-impedance. | solid. | n/a | FIT_TD
3 | 7 | component1:Reflector | Copper (pure) | n/a | yes | pec.rho.surface-impedance. | solid. | n/a | FIT_TD
=========================================
************************************************************************************************
General settings
	PBA version: default
------------------------------------------------------------------------------------------------
Geometry processor: default
	Geo accuracy: 75.000000
	Watertightness check: true
	Self intersection check: false
	Inheritance (all): false
	Normal dominance (all): false
	Normal dominance (ports): false
	Flanges hollow: true
	One shape per flange: false
	Multi threading: true
		max # of threads used: 8
		requested max # of threads: 8
		representation: indexed
		method: multi thread
		retry: no
------------------------------------------------------------------------------------------------
CAD processing settings are set to default
------------------------------------------------------------------------------------------------
Connectivity settings
	Workflow selection: 0
	Workflow version: 20180101
	Gap detection: true
	Gap detection version: 2
	TST version: 2
	QQ workflow: true
	CoCo workflow: true
	Legacy topology: false
	Connectivity check: false
------------------------------------------------------------------------------------------------
------------------------------------------------------------------------------------------------
CAD Processing Version Info
	ACIS version installed:	33.0.1
	ACIS version used:	33.0.1
------------------------------------------------------------------------------------------------
Success method:	fb-multi-thread-22
************************************************************************************************

=======================
Finished CAD processing
=======================

<<<<<<<<<<<<<<<<<<<<<<<<<<<<<<<<<<<<<<<<<<
Thu Thu Jul 24 00:09:23 2025
Resource usage for processing CAD model:
	Runtime                 00:00:00.00443
	Peak Memory Usage:               21 MB
<<<<<<<<<<<<<<<<<<<<<<<<<<<<<<<<<<<<<<<<<<

------------------------------------------------------------
Parallelization Info
------------------------------------------------------------
Hyperthreading active: true
Hyperthreading used: false
Number of concurrent threads: 1
Number of concurrent threads using GPU: 0
Number of node domains: 1
Domains-to-threads scaling: 2
Average FI domain size: 1e+04
Nice mode: true
Delayed matrix calculation start: false
Load balancing: Version 20090403
Number of mesh fill domains: 2
Memory downscale: 1
Shared memory representation: none
CPU load: 25.00%
Emptiness: 0.00%
Hex mesh complexity: 0.02256
Geometric complexity: 0.08160
lower size limit of domain (1D): 60
------------------------------------------------------------
Node order
0
------------------------------------------------------------

------------------------------------------------------------------
Matrix calculation job submit section 0
Currently running jobs: 0
Waiting jobs: 1
Concurrency for section: 1/1
Memory physically installed: 8.35517 GB
Memory currently available: 1.14817 GB
Memory already used: 7.207 GB
Matrix calculation @ 1xN-Node 0000
	Mesh coverage: 2256000.00 %
	Estimated peak memory usage per node: 41 MB, tightness: 3.61 %
	GPU acceleration: off
	Processor group: 0
Node distribution on 1 processor group: 1
------------------------------------------------------------------

===========================================
Data rearrangement statistics:
Disk IO directories:	00:00:00.0000
Disk IO node domain files:	00:00:00.0016
Disk IO FI domain files:	00:00:00.0000
Disk IO meta information:	00:00:00.0000
Sequential merge (TST):	00:00:00.0038
===========================================

1xN000:  ==============================================================================================
         [Boundaries] - MCalc
         open-add-space, open-add-space, open-add-space, open-add-space, open-add-space, open-add-space
         ==============================================================================================

1xN000:  ========================================
         [Mesh] Matrix calculation - NO ACIS mode
         [Mesh] 1xN MPI or parallelization mode
         ========================================

1xN000:  =============================
         [Mesh] Expansion: 0 0 0 0 0 0
         =============================

1xN000:  =================================================================================
          - hardware info
            + cpu name                    : Intel(R) Core(TM) i5-10300H CPU @ 2.50GHz
            + sockets                     : 1
            + cores per socket            : 4
            + hyperthreading              : on
            + ht-units                    : 2
            + max cpuid level             : 22
            + max cpuid ext. level        : 8
            + numa nodes                  : 1
            + internal cpu info           : CPUID: selected engine is 'Leaf 0xB detection'
         apic ids           : 0, 1, 2, 3, 4, 5, 6, 7
         apic ids (fallback): 0, 1, 2, 3, 4, 5, 6, 7
         from cpu registers: 0, 1, 2, 3, 4, 5, 6, 7
         fallback: 0, 1, 2, 3, 4, 5, 6, 7
         combined: 0, 1, 2, 3, 4, 5, 6, 7
         max id per cpu: 16
         SMT mask: 1
         Core mask: e
         Package mask: fffffff0
         set results:
           - packages: 1
           - cores: 4
           - smts: 2
         generate core map, new implementation
         0, 1, 2, 3, 4, 5, 6, 7
         packages: 1
         cores   : 4
         ht units: 2
          - pinning rule in use   : PINNING_RULE_MCALC_SKIP_ALL
          - desired group         : 0
          - num cores available   : 8
          - active core list from affinity:
            + num accessible procs          : 8
            + num logical procs             : 8
            + current affinity (env)        : 0,1,2,3,4,5,6,7
            + sockets ids in                : 0
            + core list                  (1): 0,1,2,3,4,5,6,7
          - active cores          : 0,1,2,3,4,5,6,7
          - hyperthreading        : on
          - skip pinning: + allowed number of sockets = available number of sockets
                          + hyperthreading allowed by solver
         =================================================================================

1xN000:  ================================================================================
         Version: 2024.4 Release from 2024-04-30 (change 1266454) [Release]
         Workflow: PBA matrix coefficients
         Operation: [fpba, meshfill, bg, port-path, tst, tst-nextgen, coeff, surface-imp]
         Architecture: Windows, ID: AMD64
         System Windows-64bit
         Using processor group 0/1
         Matrix calculation information:
         # of Nodes: 1
         Concurrency: 1
         Start ID: 0
         Node ID: 0
         HEX Mesh information:
         Hex mesh: global: [hxr o(0 | 0 | 0) s(48 | 13 | 41) np (no TSTs): 25584]
         ================================================================================

1xN000:  -----------------------------------------------------
         Memory status on node "1xN000" for matrix calculation
         	Estimated memory consumption: 0.041408 GB
         	Physical memory installed: 8.35517 GB
         	Available physical memory: 1.14858 GB
         	Available relative memory: 13.7469 %
         -----------------------------------------------------

1xN000:  >>>>>>>>>>>>>>>>>>>>>>>>>>>>>>>>>>>>>>>>>>>>>>>>>
         Thu Thu Jul 24 00:09:23 2025
         started: calculating matrix coefficients per node
         >>>>>>>>>>>>>>>>>>>>>>>>>>>>>>>>>>>>>>>>>>>>>>>>>

1xN000:  ============================================================
         Matrix computation (PBA)
         	[Perfect Boundary Approximation (PBA), version: default]
         	[GPU acceleration: off (by user)]
         Version: 2024.4 Release from 2024-04-30 (change 1266454)
         PBA version 2024043024
         Sub-Workflow: FARM-1xN-TST2-Node
         Workflow updated: -
         Thu Thu Jul 24 00:09:23 2025
         ============================================================

1xN000:  ----------------------------------------------
         Used point accuracy enhancement value: 75.00%.
         ----------------------------------------------

1xN000:  -------------------------------------------------
         Geometry representation: compact
         Shared memory: none
         FARM allocation scheme: PA
         Parallelization: on, used

1xN000:  Gap-Detection activated for FARM-topology. Gaps are resolved, even partially.: gap tolerance value is 0.001000 and mesh geometry scale is 0.001000
1xN000:
1xN000:



1xN000:  ----------------------
         Acceleration mode: CPU
         ----------------------

1xN000:  Port homogenization method: M2H point index deviation
1xN000:  ccccccccccccccccccccccccccccccccccccccccccccccccccccccccccccccccccccc
         FARM/Meshfill cache is set to 8 (local FI domains: 2, dynamic: false)
         ccccccccccccccccccccccccccccccccccccccccccccccccccccccccccccccccccccc

1xN000:  =============================================================
         Hex cell analyzer settings:
         	max number of E fields per mesh edge: 2
         	max number of H fields per mesh face: 4
         	supporting dual grid: false
         	performance improvement: ROI limit: true
         	performance improvement: ROI threshold: 2
         	performance improvement: single topology extraction: true
         	performance improvement: pre-categorize cell volume: true
         	periodic align: 0
         	periodic cells: true
         	homogenization version: pid
         =============================================================

1xN000:  -------------------
         TST Statistics:
         E Split (0 | 0 | 0)
         E Adapt (0 | 0 | 0)
         B Split (0 | 0 | 0)
         B Adapt (0 | 0 | 0)
         -------------------

1xN000:  ssssssssssssssssssssssssssssssssssssssssss
         # of curls with SI accuracy enhancement: 0
         ssssssssssssssssssssssssssssssssssssssssss

1xN000:  ------------------------------------------------------------------------------
         PBA fill limit is applied in inverse mode.
         PBA fill limit is applied on faces filled with at least 99.00% metal material.
         --------------------------------------------------------------
         detailed accuracy settings:
         --------------------------------------------------------------
         augmented fill limit:       true
         augmented fill limit value: 99.00
         automatic fill limit:       true
         early fill limit:           true
         inverse fill limit:         true
         model complexity:           0.00
         legacy 2015:                false
         fixed point accuracy:       false
         minimum point accuracy:     0
         mesh step inheritance:      false
         accuracy mode:
         ------------------------------------------------------------------------------

1xN000:  discrete edge port "1" is connected to metal material.
1xN000:  ----------------------------------------------------------------
         The following discrete edge port is connected to metal material:
         	1
         ----------------------------------------------------------------

1xN000:  =================================
         Finished matrix computation (PBA)
         =================================

1xN000:  <<<<<<<<<<<<<<<<<<<<<<<<<<<<<<<<<<<<<<<<<<<<<<<<<<<<<<<<<<<<
         Thu Thu Jul 24 00:09:27 2025
         Resource usage for calculating matrix coefficients per node:
         	Runtime                          00:00:03.00776
         	Peak Memory Estimation:                   41 MB
         	Peak Memory Usage:                        25 MB
         <<<<<<<<<<<<<<<<<<<<<<<<<<<<<<<<<<<<<<<<<<<<<<<<<<<<<<<<<<<<



<<<<<<<<<<<<<<<<<<<<<<<<<<<<<<<<<<<<<<<<<<<<<<<
Thu Thu Jul 24 00:09:30 2025
Resource usage for parallelization control:
	Runtime                      00:00:07.00331
<<<<<<<<<<<<<<<<<<<<<<<<<<<<<<<<<<<<<<<<<<<<<<<

------------------------------------------------------------------------------------------------------------------------------
PBAMeshFeedback - InfoMap: 0[ms] - SBCell navigation: Using legacy edges - CornerCorrectionLinesAndWires: 0[ms] - Write: 0[ms]
ConnectivityAXG - Load: 1[ms] - Setup: 0[ms] - Convert: 0[ms] ( Groups: 4 - Shapes: 9 - Threads: 4 ) - Write: 1[ms]
ConnectivityAXG - Load: 1[ms] - Setup: 0[ms] - Convert: 0[ms] ( Groups: 4 - Shapes: 9 - Threads: 4 ) - Write: 1[ms]
------------------------------------------------------------------------------------------------------------------------------

--------------------------------
# of staircase filled cells: 0
# of staircase filled areas: 0
# of staircase filled edges: 0
# of faces above fill limit: 0
# of edges with FPBA topology: 0
--------------------------------

