2025-07-24 00:09:21   *** Warning ***

                      This software is licensed for personal and educational purposes only.

                      ------------------------------------------------------------------------------
2025-07-24 00:09:21   The following farfield monitor(s) have been adjusted to model box [-179.515,
                      179.515, -47.5311, 47.5311, -47.5311, 733.443]:
                        farfield (f=0.433).
                      For further information please check the page "Special Solver Parameters -
                      Solver" in the Online Help.

                      ------------------------------------------------------------------------------
2025-07-24 00:09:22   
                      Solver started at: 2025-07-24 00:09:22 -0500

                        Module:  Time Domain: S-Parameter (Win 64)
                        Version: 2024.4 Release from 2024-04-30 (change 1266454)

2025-07-24 00:09:22   

                      ------------------------------------------------------------------------------
2025-07-24 00:09:22   

                      ------------------------------------------------------------------------------
2025-07-24 00:09:22   ======================================================================
                       Solver cycle: 1
                      ======================================================================

                      Stimulation at discrete port 1 



                      ------------------------------------------------------------------------------
2025-07-24 00:09:22   Units settings: 

                        Dimensions: mm
                        Frequency:  GHz
                        Time:       ns

                      ------------------------------------------------------------------------------
2025-07-24 00:09:22   The dispersive material update [Automatic] will be performed using the "Standard" update schema

                      ------------------------------------------------------------------------------
2025-07-24 00:09:30   The following discrete edge port is connected to metal material:
                      	1

                      ------------------------------------------------------------------------------
2025-07-24 00:09:30   Mesh statistics:

                         Hexahedral mesh type: Perfect Boundary Approximation (PBA)
                            Version: default

                         Parallelization type: domain decomposition
                            Number of parallel working threads: 1
                            Number of calculation domains used: 1

                         Used point accuracy enhancement value: 75.00%.
                         Acceleration mode: CPU
                         PBA fill limit: 99.00% (inverse)

2025-07-24 00:09:33   Boundary conditions: 

                        YZsymmetry: none
                        XZsymmetry: none
                        XYsymmetry: none

                        Xmin: expanded open, 4 Layer, depth 166.25 mm
                        Xmax: expanded open, 4 Layer, depth 166.25 mm

                        Ymin: expanded open, 4 Layer, depth 179.213 mm
                        Ymax: expanded open, 4 Layer, depth 179.213 mm

                        Zmin: expanded open, 4 Layer, depth 179.213 mm
                        Zmax: expanded open, 4 Layer, depth 179.213 mm

                        PML-Type: Convolution PML

                      ------------------------------------------------------------------------------
2025-07-24 00:09:33   Frequency settings: 

                        Fmin:         0.2
                        Fmax:         0.6
                        Nfsteps(lin): 1001

                      ------------------------------------------------------------------------------
2025-07-24 00:09:33   Field update statistics:

                        Number of components in total: 	144231
                        Number of lossy metal components:	190

                      Subcycling state:      			Automatically deactivated

                      ------------------------------------------------------------------------------
2025-07-24 00:09:33   Port: 1

2025-07-24 00:09:33     Discrete element, reference impedance = 50 Ohm

                      ------------------------------------------------------------------------------
2025-07-24 00:09:55   
                      --------------------------------------------------------------------------------
2025-07-24 00:09:55   Steady state energy criterion met, solver finished successfully.

                      ------------------------------------------------------------------------------
2025-07-24 00:09:55   Frequency domain results normalized to default signal.


                      ------------------------------------------------------------------------------
2025-07-24 00:09:55   
                        ----------------------------------------------------------------------------
                                            Peak memory used (kB)         Free physical memory (kB) 
                                                                          At begin     Minimum      
                        ----------------------------------------------------------------------------
                        CAD preparation     16132                         1148628      1148628      
                        Matrices calc.      24414                         1121093      1068359      
                        Solver run total    52028                         1176600      994348       
                        ----------------------------------------------------------------------------

                      --------------------------------------------------------------------------------
                      Solver Statistics:

                        Hardware:
                           Computer name:                 	LAPTOP-ILTBOQEH 

                           Number of CPU threads:               4
                           Hardware info:                  	Hardware Accelerator Device not activated

                        Number of mesh cells:             	22560
                        Excitation duration:              	1.77727437e+001 ns 
                        Calculation time for excitation:  	0 	s
                        Number of calculated pulse widths:	9.10586 
                        Steady state accuracy limit:      	-40	dB 
                        Simulated number of time steps:   	18980 
                        Maximum number of time steps:     	41687 
                        Time step width:
                           without subcycles:             	8.526663234e-003 ns
                           used:                          	8.526663234e-003 ns

                        CAD preparation time:             	0      	s
                        Matrix calculation time:          	8 	s
                        Solver setup time:                	5 	s
                        Solver loop time:                 	18 	s
                        Solver post-processing time:      	1 	s
                                                          	------------
                        Total solver time:                	32 	s

                      ------------------------------------------------------------------------------
2025-07-24 00:09:56   
                        Total solver time (all cycles):      	32     	s
                        Solver initialization and clean-up:  	2      	s
                                                             	------------
                        Total simulation time:               	34     	s

                      ------------------------------------------------------------------------------
2025-07-24 00:09:56   Solver finished at: 2025-07-24 00:09:56 -0500



                      ------------------------------------------------------------------------------
2025-07-24 00:10:01   Creating parametric 1D results for Run ID 3

                      ------------------------------------------------------------------------------
