Unknown:
C:\Users\USUARIO\OneDrive\Documentos\Universidad\2025-1\Lineas y Antenas\Proyecto\Yagi433Mhz\Result\farfield (f=0.433)1D_1.ffp
C:\Users\USUARIO\OneDrive\Documentos\Universidad\2025-1\Lineas y Antenas\Proyecto\Yagi433Mhz\Result\farfield (f=0.433)2D_1.ffp
C:\Users\USUARIO\OneDrive\Documentos\Universidad\2025-1\Lineas y Antenas\Proyecto\Yagi433Mhz\Result\farfield (f=0.433)_1.fme
C:\Users\USUARIO\OneDrive\Documentos\Universidad\2025-1\Lineas y Antenas\Proyecto\Yagi433Mhz\Result\FarfieldBkGround.bmp
C:\Users\USUARIO\OneDrive\Documentos\Universidad\2025-1\Lineas y Antenas\Proyecto\Yagi433Mhz\Result\hardware_resources.sconf
C:\Users\USUARIO\OneDrive\Documentos\Universidad\2025-1\Lineas y Antenas\Proyecto\Yagi433Mhz\Result\Hex.gap
C:\Users\USUARIO\OneDrive\Documentos\Universidad\2025-1\Lineas y Antenas\Proyecto\Yagi433Mhz\Result\MCalc.ddi
C:\Users\USUARIO\OneDrive\Documentos\Universidad\2025-1\Lineas y Antenas\Proyecto\Yagi433Mhz\Result\MCalc.log
C:\Users\USUARIO\OneDrive\Documentos\Universidad\2025-1\Lineas y Antenas\Proyecto\Yagi433Mhz\Result\MCalc^Diagnostics.log
C:\Users\USUARIO\OneDrive\Documentos\Universidad\2025-1\Lineas y Antenas\Proyecto\Yagi433Mhz\Result\ml_info.log
C:\Users\USUARIO\OneDrive\Documentos\Universidad\2025-1\Lineas y Antenas\Proyecto\Yagi433Mhz\Result\Model.axg
C:\Users\USUARIO\OneDrive\Documentos\Universidad\2025-1\Lineas y Antenas\Proyecto\Yagi433Mhz\Result\Model.ddi
C:\Users\USUARIO\OneDrive\Documentos\Universidad\2025-1\Lineas y Antenas\Proyecto\Yagi433Mhz\Result\Model.log
C:\Users\USUARIO\OneDrive\Documentos\Universidad\2025-1\Lineas y Antenas\Proyecto\Yagi433Mhz\Result\Model.sa
C:\Users\USUARIO\OneDrive\Documentos\Universidad\2025-1\Lineas y Antenas\Proyecto\Yagi433Mhz\Result\Model.sam
C:\Users\USUARIO\OneDrive\Documentos\Universidad\2025-1\Lineas y Antenas\Proyecto\Yagi433Mhz\Result\ModelPBA.axg
C:\Users\USUARIO\OneDrive\Documentos\Universidad\2025-1\Lineas y Antenas\Proyecto\Yagi433Mhz\Result\m^fbqq.dsc
C:\Users\USUARIO\OneDrive\Documentos\Universidad\2025-1\Lineas y Antenas\Proyecto\Yagi433Mhz\Result\m^fifx.dsc
C:\Users\USUARIO\OneDrive\Documentos\Universidad\2025-1\Lineas y Antenas\Proyecto\Yagi433Mhz\Result\m^fqq.dsc
C:\Users\USUARIO\OneDrive\Documentos\Universidad\2025-1\Lineas y Antenas\Proyecto\Yagi433Mhz\Result\Ports.web
C:\Users\USUARIO\OneDrive\Documentos\Universidad\2025-1\Lineas y Antenas\Proyecto\Yagi433Mhz\Result\Postprocessing.log
C:\Users\USUARIO\OneDrive\Documentos\Universidad\2025-1\Lineas y Antenas\Proyecto\Yagi433Mhz\Result\PP-MCalc.log
C:\Users\USUARIO\OneDrive\Documentos\Universidad\2025-1\Lineas y Antenas\Proyecto\Yagi433Mhz\Result\PP-Prio.log
C:\Users\USUARIO\OneDrive\Documentos\Universidad\2025-1\Lineas y Antenas\Proyecto\Yagi433Mhz\Result\p^a.dsc
C:\Users\USUARIO\OneDrive\Documentos\Universidad\2025-1\Lineas y Antenas\Proyecto\Yagi433Mhz\Result\P^m^fbqq.slog
C:\Users\USUARIO\OneDrive\Documentos\Universidad\2025-1\Lineas y Antenas\Proyecto\Yagi433Mhz\Result\P^m^fqq.slog
C:\Users\USUARIO\OneDrive\Documentos\Universidad\2025-1\Lineas y Antenas\Proyecto\Yagi433Mhz\Result\P^p^m.slog
C:\Users\USUARIO\OneDrive\Documentos\Universidad\2025-1\Lineas y Antenas\Proyecto\Yagi433Mhz\Result\P^s^pm.slog
C:\Users\USUARIO\OneDrive\Documentos\Universidad\2025-1\Lineas y Antenas\Proyecto\Yagi433Mhz\Result\WEP.log
Mesh:
C:\Users\USUARIO\OneDrive\Documentos\Universidad\2025-1\Lineas y Antenas\Proyecto\Yagi433Mhz\Result\dA.mat
C:\Users\USUARIO\OneDrive\Documentos\Universidad\2025-1\Lineas y Antenas\Proyecto\Yagi433Mhz\Result\dad.mat
C:\Users\USUARIO\OneDrive\Documentos\Universidad\2025-1\Lineas y Antenas\Proyecto\Yagi433Mhz\Result\ds.mat
C:\Users\USUARIO\OneDrive\Documentos\Universidad\2025-1\Lineas y Antenas\Proyecto\Yagi433Mhz\Result\dsd.mat
C:\Users\USUARIO\OneDrive\Documentos\Universidad\2025-1\Lineas y Antenas\Proyecto\Yagi433Mhz\Result\dsMCalc.mat
C:\Users\USUARIO\OneDrive\Documentos\Universidad\2025-1\Lineas y Antenas\Proyecto\Yagi433Mhz\Result\Eps.mat
C:\Users\USUARIO\OneDrive\Documentos\Universidad\2025-1\Lineas y Antenas\Proyecto\Yagi433Mhz\Result\HexMatrix.m2h
C:\Users\USUARIO\OneDrive\Documentos\Universidad\2025-1\Lineas y Antenas\Proyecto\Yagi433Mhz\Result\HexMatrix_MCalc.m2h
C:\Users\USUARIO\OneDrive\Documentos\Universidad\2025-1\Lineas y Antenas\Proyecto\Yagi433Mhz\Result\MCalc.fmp
C:\Users\USUARIO\OneDrive\Documentos\Universidad\2025-1\Lineas y Antenas\Proyecto\Yagi433Mhz\Result\MCalc.xcfd
C:\Users\USUARIO\OneDrive\Documentos\Universidad\2025-1\Lineas y Antenas\Proyecto\Yagi433Mhz\Result\MCalcCCS_c.mson
C:\Users\USUARIO\OneDrive\Documentos\Universidad\2025-1\Lineas y Antenas\Proyecto\Yagi433Mhz\Result\Model-fmf.msqlite
C:\Users\USUARIO\OneDrive\Documentos\Universidad\2025-1\Lineas y Antenas\Proyecto\Yagi433Mhz\Result\Model.cct
C:\Users\USUARIO\OneDrive\Documentos\Universidad\2025-1\Lineas y Antenas\Proyecto\Yagi433Mhz\Result\Model.fmf
C:\Users\USUARIO\OneDrive\Documentos\Universidad\2025-1\Lineas y Antenas\Proyecto\Yagi433Mhz\Result\Model.fmm
C:\Users\USUARIO\OneDrive\Documentos\Universidad\2025-1\Lineas y Antenas\Proyecto\Yagi433Mhz\Result\Model.fpc
C:\Users\USUARIO\OneDrive\Documentos\Universidad\2025-1\Lineas y Antenas\Proyecto\Yagi433Mhz\Result\Model.fwf
C:\Users\USUARIO\OneDrive\Documentos\Universidad\2025-1\Lineas y Antenas\Proyecto\Yagi433Mhz\Result\Model.sic
C:\Users\USUARIO\OneDrive\Documentos\Universidad\2025-1\Lineas y Antenas\Proyecto\Yagi433Mhz\Result\Model.sid
C:\Users\USUARIO\OneDrive\Documentos\Universidad\2025-1\Lineas y Antenas\Proyecto\Yagi433Mhz\Result\Model.spi
C:\Users\USUARIO\OneDrive\Documentos\Universidad\2025-1\Lineas y Antenas\Proyecto\Yagi433Mhz\Result\Model.xcfd
C:\Users\USUARIO\OneDrive\Documentos\Universidad\2025-1\Lineas y Antenas\Proyecto\Yagi433Mhz\Result\Mue.mat
C:\Users\USUARIO\OneDrive\Documentos\Universidad\2025-1\Lineas y Antenas\Proyecto\Yagi433Mhz\Result\m^fbqq.mem
C:\Users\USUARIO\OneDrive\Documentos\Universidad\2025-1\Lineas y Antenas\Proyecto\Yagi433Mhz\Result\m^fqq.mem
C:\Users\USUARIO\OneDrive\Documentos\Universidad\2025-1\Lineas y Antenas\Proyecto\Yagi433Mhz\Result\PEC.mat
C:\Users\USUARIO\OneDrive\Documentos\Universidad\2025-1\Lineas y Antenas\Proyecto\Yagi433Mhz\Result\Ports.fpt
C:\Users\USUARIO\OneDrive\Documentos\Universidad\2025-1\Lineas y Antenas\Proyecto\Yagi433Mhz\Result\p^a.mem
C:\Users\USUARIO\OneDrive\Documentos\Universidad\2025-1\Lineas y Antenas\Proyecto\Yagi433Mhz\Result\p^m.mem
C:\Users\USUARIO\OneDrive\Documentos\Universidad\2025-1\Lineas y Antenas\Proyecto\Yagi433Mhz\Result\Rho.mat
C:\Users\USUARIO\OneDrive\Documentos\Universidad\2025-1\Lineas y Antenas\Proyecto\Yagi433Mhz\Result\S2HMatrix.m2h
C:\Users\USUARIO\OneDrive\Documentos\Universidad\2025-1\Lineas y Antenas\Proyecto\Yagi433Mhz\Result\Shapes.con
C:\Users\USUARIO\OneDrive\Documentos\Universidad\2025-1\Lineas y Antenas\Proyecto\Yagi433Mhz\Result\s^pm.mem
Port:
C:\Users\USUARIO\OneDrive\Documentos\Universidad\2025-1\Lineas y Antenas\Proyecto\Yagi433Mhz\Result\Model.pmi
